<?xml version="1.0" encoding="UTF-8"?>
<testng-results skipped="0" failed="0" total="2" passed="2">
  <reporter-output>
  </reporter-output>
  <suite name="Default suite" duration-ms="115413" started-at="2015-06-18T12:18:22Z" finished-at="2015-06-18T12:20:17Z">
    <groups>
    </groups>
    <test name="Default test" duration-ms="115413" started-at="2015-06-18T12:18:22Z" finished-at="2015-06-18T12:20:17Z">
      <class name="PH2p1.CreatePropertyByPO">
        <test-method status="PASS" signature="f()[pri:0, instance:PH2p1.CreatePropertyByPO@f09733f]" name="f" duration-ms="105459" started-at="2015-06-18T14:18:22Z" finished-at="2015-06-18T14:20:07Z">
          <reporter-output>
          </reporter-output>
        </test-method> <!-- f -->
        <test-method status="PASS" signature="f3()[pri:0, instance:PH2p1.CreatePropertyByPO@f09733f]" name="f3" duration-ms="9703" started-at="2015-06-18T14:20:08Z" finished-at="2015-06-18T14:20:17Z">
          <reporter-output>
          </reporter-output>
        </test-method> <!-- f3 -->
      </class> <!-- PH2p1.CreatePropertyByPO -->
    </test> <!-- Default test -->
  </suite> <!-- Default suite -->
</testng-results>
